<?xml version="1.0" encoding="UTF-8" ?>
<testsuite errors="0" failures="10" hostname="Aetherus" name="com.allendowney.thinkdast.MyLinearMapTest" skipped="0" tests="11" time="0.161" timestamp="2021-04-14T16:07:09">
  <properties>
[...]
</properties>
  <testcase classname="com.allendowney.thinkdast.MyLinearMapTest" name="testGet" time="0.01">
    <failure message="&#xa;Expected: is &lt;3&gt;&#xa;     but: was null" type="junit.framework.AssertionFailedError">junit.framework.AssertionFailedError: 
Expected: is &lt;3&gt;
     but: was null
	at org.hamcrest.MatcherAssert.assertThat(MatcherAssert.java:20)
	at com.allendowney.thinkdast.MyLinearMapTest.testGet(MyLinearMapTest.java:71)
	at java.base/jdk.internal.reflect.NativeMethodAccessorImpl.invoke0(Native Method)
	at java.base/jdk.internal.reflect.NativeMethodAccessorImpl.invoke(NativeMethodAccessorImpl.java:64)
	at java.base/jdk.internal.reflect.DelegatingMethodAccessorImpl.invoke(DelegatingMethodAccessorImpl.java:43)
</failure>
  </testcase>
  <testcase classname="com.allendowney.thinkdast.MyLinearMapTest" name="testPut" time="0.001">
    <failure message="&#xa;Expected: is &lt;4&gt;&#xa;     but: was &lt;0&gt;" type="junit.framework.AssertionFailedError">junit.framework.AssertionFailedError: 
Expected: is &lt;4&gt;
     but: was &lt;0&gt;
	at org.hamcrest.MatcherAssert.assertThat(MatcherAssert.java:20)
	at com.allendowney.thinkdast.MyLinearMapTest.testPut(MyLinearMapTest.java:104)
	at java.base/jdk.internal.reflect.NativeMethodAccessorImpl.invoke0(Native Method)
	at java.base/jdk.internal.reflect.NativeMethodAccessorImpl.invoke(NativeMethodAccessorImpl.java:64)
	at java.base/jdk.internal.reflect.DelegatingMethodAccessorImpl.invoke(DelegatingMethodAccessorImpl.java:43)
</failure>
  </testcase>
  <testcase classname="com.allendowney.thinkdast.MyLinearMapTest" name="testClear" time="0.0" />
  <testcase classname="com.allendowney.thinkdast.MyLinearMapTest" name="testSize" time="0.001">
    <failure message="&#xa;Expected: is &lt;4&gt;&#xa;     but: was &lt;0&gt;" type="junit.framework.AssertionFailedError">junit.framework.AssertionFailedError: 
Expected: is &lt;4&gt;
     but: was &lt;0&gt;
	at org.hamcrest.MatcherAssert.assertThat(MatcherAssert.java:20)
	at com.allendowney.thinkdast.MyLinearMapTest.testSize(MyLinearMapTest.java:140)
	at java.base/jdk.internal.reflect.NativeMethodAccessorImpl.invoke0(Native Method)
	at java.base/jdk.internal.reflect.NativeMethodAccessorImpl.invoke(NativeMethodAccessorImpl.java:64)
	at java.base/jdk.internal.reflect.DelegatingMethodAccessorImpl.invoke(DelegatingMethodAccessorImpl.java:43)
</failure>
  </testcase>
  <testcase classname="com.allendowney.thinkdast.MyLinearMapTest" name="testContainsKey" time="0.001">
    <failure message="&#xa;Expected: is &lt;true&gt;&#xa;     but: was &lt;false&gt;" type="junit.framework.AssertionFailedError">junit.framework.AssertionFailedError: 
Expected: is &lt;true&gt;
     but: was &lt;false&gt;
	at org.hamcrest.MatcherAssert.assertThat(MatcherAssert.java:20)
	at com.allendowney.thinkdast.MyLinearMapTest.testContainsKey(MyLinearMapTest.java:51)
	at java.base/jdk.internal.reflect.NativeMethodAccessorImpl.invoke0(Native Method)
	at java.base/jdk.internal.reflect.NativeMethodAccessorImpl.invoke(NativeMethodAccessorImpl.java:64)
	at java.base/jdk.internal.reflect.DelegatingMethodAccessorImpl.invoke(DelegatingMethodAccessorImpl.java:43)
</failure>
  </testcase>
  <testcase classname="com.allendowney.thinkdast.MyLinearMapTest" name="testContainsValue" time="0.001">
    <failure message="&#xa;Expected: is &lt;true&gt;&#xa;     but: was &lt;false&gt;" type="junit.framework.AssertionFailedError">junit.framework.AssertionFailedError: 
Expected: is &lt;true&gt;
     but: was &lt;false&gt;
	at org.hamcrest.MatcherAssert.assertThat(MatcherAssert.java:20)
	at com.allendowney.thinkdast.MyLinearMapTest.testContainsValue(MyLinearMapTest.java:61)
	at java.base/jdk.internal.reflect.NativeMethodAccessorImpl.invoke0(Native Method)
	at java.base/jdk.internal.reflect.NativeMethodAccessorImpl.invoke(NativeMethodAccessorImpl.java:64)
	at java.base/jdk.internal.reflect.DelegatingMethodAccessorImpl.invoke(DelegatingMethodAccessorImpl.java:43)
</failure>
  </testcase>
  <testcase classname="com.allendowney.thinkdast.MyLinearMapTest" name="testKeySet" time="0.001">
    <failure message="&#xa;Expected: is &lt;4&gt;&#xa;     but: was &lt;0&gt;" type="junit.framework.AssertionFailedError">junit.framework.AssertionFailedError: 
Expected: is &lt;4&gt;
     but: was &lt;0&gt;
	at org.hamcrest.MatcherAssert.assertThat(MatcherAssert.java:20)
	at com.allendowney.thinkdast.MyLinearMapTest.testKeySet(MyLinearMapTest.java:92)
	at java.base/jdk.internal.reflect.NativeMethodAccessorImpl.invoke0(Native Method)
	at java.base/jdk.internal.reflect.NativeMethodAccessorImpl.invoke(NativeMethodAccessorImpl.java:64)
	at java.base/jdk.internal.reflect.DelegatingMethodAccessorImpl.invoke(DelegatingMethodAccessorImpl.java:43)
</failure>
  </testcase>
  <testcase classname="com.allendowney.thinkdast.MyLinearMapTest" name="testPutAll" time="0.001">
    <failure message="&#xa;Expected: is &lt;7&gt;&#xa;     but: was &lt;0&gt;" type="junit.framework.AssertionFailedError">junit.framework.AssertionFailedError: 
Expected: is &lt;7&gt;
     but: was &lt;0&gt;
	at org.hamcrest.MatcherAssert.assertThat(MatcherAssert.java:20)
	at com.allendowney.thinkdast.MyLinearMapTest.testPutAll(MyLinearMapTest.java:122)
	at java.base/jdk.internal.reflect.NativeMethodAccessorImpl.invoke0(Native Method)
	at java.base/jdk.internal.reflect.NativeMethodAccessorImpl.invoke(NativeMethodAccessorImpl.java:64)
	at java.base/jdk.internal.reflect.DelegatingMethodAccessorImpl.invoke(DelegatingMethodAccessorImpl.java:43)
</failure>
  </testcase>
  <testcase classname="com.allendowney.thinkdast.MyLinearMapTest" name="testIsEmpty" time="0.001">
    <failure message="&#xa;Expected: is &lt;false&gt;&#xa;     but: was &lt;true&gt;" type="junit.framework.AssertionFailedError">junit.framework.AssertionFailedError: 
Expected: is &lt;false&gt;
     but: was &lt;true&gt;
	at org.hamcrest.MatcherAssert.assertThat(MatcherAssert.java:20)
	at com.allendowney.thinkdast.MyLinearMapTest.testIsEmpty(MyLinearMapTest.java:81)
	at java.base/jdk.internal.reflect.NativeMethodAccessorImpl.invoke0(Native Method)
	at java.base/jdk.internal.reflect.NativeMethodAccessorImpl.invoke(NativeMethodAccessorImpl.java:64)
	at java.base/jdk.internal.reflect.DelegatingMethodAccessorImpl.invoke(DelegatingMethodAccessorImpl.java:43)
</failure>
  </testcase>
  <testcase classname="com.allendowney.thinkdast.MyLinearMapTest" name="testRemove" time="0.001">
    <failure message="&#xa;Expected: is &lt;3&gt;&#xa;     but: was &lt;0&gt;" type="junit.framework.AssertionFailedError">junit.framework.AssertionFailedError: 
Expected: is &lt;3&gt;
     but: was &lt;0&gt;
	at org.hamcrest.MatcherAssert.assertThat(MatcherAssert.java:20)
	at com.allendowney.thinkdast.MyLinearMapTest.testRemove(MyLinearMapTest.java:131)
	at java.base/jdk.internal.reflect.NativeMethodAccessorImpl.invoke0(Native Method)
	at java.base/jdk.internal.reflect.NativeMethodAccessorImpl.invoke(NativeMethodAccessorImpl.java:64)
	at java.base/jdk.internal.reflect.DelegatingMethodAccessorImpl.invoke(DelegatingMethodAccessorImpl.java:43)
</failure>
  </testcase>
  <testcase classname="com.allendowney.thinkdast.MyLinearMapTest" name="testValues" time="0.001">
    <failure message="&#xa;Expected: is &lt;4&gt;&#xa;     but: was &lt;0&gt;" type="junit.framework.AssertionFailedError">junit.framework.AssertionFailedError: 
Expected: is &lt;4&gt;
     but: was &lt;0&gt;
	at org.hamcrest.MatcherAssert.assertThat(MatcherAssert.java:20)
	at com.allendowney.thinkdast.MyLinearMapTest.testValues(MyLinearMapTest.java:149)
	at java.base/jdk.internal.reflect.NativeMethodAccessorImpl.invoke0(Native Method)
	at java.base/jdk.internal.reflect.NativeMethodAccessorImpl.invoke(NativeMethodAccessorImpl.java:64)
	at java.base/jdk.internal.reflect.DelegatingMethodAccessorImpl.invoke(DelegatingMethodAccessorImpl.java:43)
</failure>
  </testcase>
  <system-out><![CDATA[]]></system-out>
  <system-err><![CDATA[]]></system-err>
</testsuite>
