<?xml version="1.0" encoding="UTF-8" ?>
<testsuite errors="0" failures="9" hostname="Aetherus" name="com.allendowney.thinkdast.MyArrayListTest" skipped="0" tests="20" time="0.168" timestamp="2021-01-29T16:37:53">
  <properties>
[...]
</properties>
  <testcase classname="com.allendowney.thinkdast.MyArrayListTest" name="testToArray" time="0.004" />
  <testcase classname="com.allendowney.thinkdast.MyArrayListTest" name="testAddIntT" time="0.006">
    <failure type="junit.framework.AssertionFailedError">junit.framework.AssertionFailedError
	at com.allendowney.thinkdast.MyArrayListTest.testAddIntT(MyArrayListTest.java:71)
	at java.base/jdk.internal.reflect.NativeMethodAccessorImpl.invoke0(Native Method)
	at java.base/jdk.internal.reflect.NativeMethodAccessorImpl.invoke(NativeMethodAccessorImpl.java:64)
	at java.base/jdk.internal.reflect.DelegatingMethodAccessorImpl.invoke(DelegatingMethodAccessorImpl.java:43)
</failure>
  </testcase>
  <testcase classname="com.allendowney.thinkdast.MyArrayListTest" name="testGet" time="0.0" />
  <testcase classname="com.allendowney.thinkdast.MyArrayListTest" name="testSet" time="0.002">
    <failure message="&#xa;Expected: is &lt;2&gt;&#xa;     but: was null" type="junit.framework.AssertionFailedError">junit.framework.AssertionFailedError: 
Expected: is &lt;2&gt;
     but: was null
	at org.hamcrest.MatcherAssert.assertThat(MatcherAssert.java:20)
	at com.allendowney.thinkdast.MyArrayListTest.testSet(MyArrayListTest.java:244)
	at java.base/jdk.internal.reflect.NativeMethodAccessorImpl.invoke0(Native Method)
	at java.base/jdk.internal.reflect.NativeMethodAccessorImpl.invoke(NativeMethodAccessorImpl.java:64)
	at java.base/jdk.internal.reflect.DelegatingMethodAccessorImpl.invoke(DelegatingMethodAccessorImpl.java:43)
</failure>
  </testcase>
  <testcase classname="com.allendowney.thinkdast.MyArrayListTest" name="testAddAllCollectionOfQextendsT" time="0.0" />
  <testcase classname="com.allendowney.thinkdast.MyArrayListTest" name="testClear" time="0.0" />
  <testcase classname="com.allendowney.thinkdast.MyArrayListTest" name="testAddT" time="0.0" />
  <testcase classname="com.allendowney.thinkdast.MyArrayListTest" name="testSize" time="0.0" />
  <testcase classname="com.allendowney.thinkdast.MyArrayListTest" name="testLastIndexOf" time="0.0" />
  <testcase classname="com.allendowney.thinkdast.MyArrayListTest" name="testContainsAll" time="0.001">
    <failure message="&#xa;Expected: &lt;true&gt;&#xa;     but: was &lt;false&gt;" type="junit.framework.AssertionFailedError">junit.framework.AssertionFailedError: 
Expected: &lt;true&gt;
     but: was &lt;false&gt;
	at org.hamcrest.MatcherAssert.assertThat(MatcherAssert.java:20)
	at com.allendowney.thinkdast.MyArrayListTest.testContainsAll(MyArrayListTest.java:126)
	at java.base/jdk.internal.reflect.NativeMethodAccessorImpl.invoke0(Native Method)
	at java.base/jdk.internal.reflect.NativeMethodAccessorImpl.invoke(NativeMethodAccessorImpl.java:64)
	at java.base/jdk.internal.reflect.DelegatingMethodAccessorImpl.invoke(DelegatingMethodAccessorImpl.java:43)
</failure>
  </testcase>
  <testcase classname="com.allendowney.thinkdast.MyArrayListTest" name="testRemoveObject" time="0.001">
    <failure message="&#xa;Expected: &lt;true&gt;&#xa;     but: was &lt;false&gt;" type="junit.framework.AssertionFailedError">junit.framework.AssertionFailedError: 
Expected: &lt;true&gt;
     but: was &lt;false&gt;
	at org.hamcrest.MatcherAssert.assertThat(MatcherAssert.java:20)
	at com.allendowney.thinkdast.MyArrayListTest.testRemoveObject(MyArrayListTest.java:195)
	at java.base/jdk.internal.reflect.NativeMethodAccessorImpl.invoke0(Native Method)
	at java.base/jdk.internal.reflect.NativeMethodAccessorImpl.invoke(NativeMethodAccessorImpl.java:64)
	at java.base/jdk.internal.reflect.DelegatingMethodAccessorImpl.invoke(DelegatingMethodAccessorImpl.java:43)
</failure>
  </testcase>
  <testcase classname="com.allendowney.thinkdast.MyArrayListTest" name="testContains" time="0.001">
    <failure message="&#xa;Expected: &lt;true&gt;&#xa;     but: was &lt;false&gt;" type="junit.framework.AssertionFailedError">junit.framework.AssertionFailedError: 
Expected: &lt;true&gt;
     but: was &lt;false&gt;
	at org.hamcrest.MatcherAssert.assertThat(MatcherAssert.java:20)
	at com.allendowney.thinkdast.MyArrayListTest.testContains(MyArrayListTest.java:114)
	at java.base/jdk.internal.reflect.NativeMethodAccessorImpl.invoke0(Native Method)
	at java.base/jdk.internal.reflect.NativeMethodAccessorImpl.invoke(NativeMethodAccessorImpl.java:64)
	at java.base/jdk.internal.reflect.DelegatingMethodAccessorImpl.invoke(DelegatingMethodAccessorImpl.java:43)
</failure>
  </testcase>
  <testcase classname="com.allendowney.thinkdast.MyArrayListTest" name="testIndexOfNull" time="0.001">
    <failure message="&#xa;Expected: is &lt;3&gt;&#xa;     but: was &lt;-1&gt;" type="junit.framework.AssertionFailedError">junit.framework.AssertionFailedError: 
Expected: is &lt;3&gt;
     but: was &lt;-1&gt;
	at org.hamcrest.MatcherAssert.assertThat(MatcherAssert.java:20)
	at com.allendowney.thinkdast.MyArrayListTest.testIndexOfNull(MyArrayListTest.java:155)
	at java.base/jdk.internal.reflect.NativeMethodAccessorImpl.invoke0(Native Method)
	at java.base/jdk.internal.reflect.NativeMethodAccessorImpl.invoke(NativeMethodAccessorImpl.java:64)
	at java.base/jdk.internal.reflect.DelegatingMethodAccessorImpl.invoke(DelegatingMethodAccessorImpl.java:43)
</failure>
  </testcase>
  <testcase classname="com.allendowney.thinkdast.MyArrayListTest" name="testIndexOf" time="0.002">
    <failure message="&#xa;Expected: is &lt;0&gt;&#xa;     but: was &lt;-1&gt;" type="junit.framework.AssertionFailedError">junit.framework.AssertionFailedError: 
Expected: is &lt;0&gt;
     but: was &lt;-1&gt;
	at org.hamcrest.MatcherAssert.assertThat(MatcherAssert.java:20)
	at com.allendowney.thinkdast.MyArrayListTest.testIndexOf(MyArrayListTest.java:142)
	at java.base/jdk.internal.reflect.NativeMethodAccessorImpl.invoke0(Native Method)
	at java.base/jdk.internal.reflect.NativeMethodAccessorImpl.invoke(NativeMethodAccessorImpl.java:64)
	at java.base/jdk.internal.reflect.DelegatingMethodAccessorImpl.invoke(DelegatingMethodAccessorImpl.java:43)
</failure>
  </testcase>
  <testcase classname="com.allendowney.thinkdast.MyArrayListTest" name="testMyList" time="0.0" />
  <testcase classname="com.allendowney.thinkdast.MyArrayListTest" name="testIsEmpty" time="0.002" />
  <testcase classname="com.allendowney.thinkdast.MyArrayListTest" name="testIterator" time="0.0" />
  <testcase classname="com.allendowney.thinkdast.MyArrayListTest" name="testRemoveAll" time="0.001">
    <failure message="&#xa;Expected: is &lt;0&gt;&#xa;     but: was &lt;3&gt;" type="junit.framework.AssertionFailedError">junit.framework.AssertionFailedError: 
Expected: is &lt;0&gt;
     but: was &lt;3&gt;
	at org.hamcrest.MatcherAssert.assertThat(MatcherAssert.java:20)
	at com.allendowney.thinkdast.MyArrayListTest.testRemoveAll(MyArrayListTest.java:235)
	at java.base/jdk.internal.reflect.NativeMethodAccessorImpl.invoke0(Native Method)
	at java.base/jdk.internal.reflect.NativeMethodAccessorImpl.invoke(NativeMethodAccessorImpl.java:64)
	at java.base/jdk.internal.reflect.DelegatingMethodAccessorImpl.invoke(DelegatingMethodAccessorImpl.java:43)
</failure>
  </testcase>
  <testcase classname="com.allendowney.thinkdast.MyArrayListTest" name="testRemoveInt" time="0.001">
    <failure message="&#xa;Expected: is &lt;2&gt;&#xa;     but: was null" type="junit.framework.AssertionFailedError">junit.framework.AssertionFailedError: 
Expected: is &lt;2&gt;
     but: was null
	at org.hamcrest.MatcherAssert.assertThat(MatcherAssert.java:20)
	at com.allendowney.thinkdast.MyArrayListTest.testRemoveInt(MyArrayListTest.java:224)
	at java.base/jdk.internal.reflect.NativeMethodAccessorImpl.invoke0(Native Method)
	at java.base/jdk.internal.reflect.NativeMethodAccessorImpl.invoke(NativeMethodAccessorImpl.java:64)
	at java.base/jdk.internal.reflect.DelegatingMethodAccessorImpl.invoke(DelegatingMethodAccessorImpl.java:43)
</failure>
  </testcase>
  <testcase classname="com.allendowney.thinkdast.MyArrayListTest" name="testSubList" time="0.0" />
  <system-out><![CDATA[]]></system-out>
  <system-err><![CDATA[]]></system-err>
</testsuite>
