<?xml version="1.0" encoding="UTF-8" ?>
<testsuite errors="0" failures="9" hostname="Aetherus" name="com.allendowney.thinkdast.MyArrayListTest" skipped="0" tests="20" time="0.168" timestamp="2021-01-29T16:37:53">
  <properties>
    <property name="java.vendor" value="Oracle Corporation" />
    <property name="sun.java.launcher" value="SUN_STANDARD" />
    <property name="sun.management.compiler" value="HotSpot 64-Bit Tiered Compilers" />
    <property name="os.name" value="Linux" />
    <property name="env.COLORFGBG" value="15;0" />
    <property name="env.PWD" value="/home/aetherus/programing/algorithms/ThinkDataStructures/code" />
    <property name="env.NO_AT_BRIDGE" value="1" />
    <property name="env.LANG" value="en_US.UTF-8" />
    <property name="java.vm.specification.vendor" value="Oracle Corporation" />
    <property name="ant.home" value="/usr/share/ant" />
    <property name="java.runtime.version" value="15.0.1+9-18" />
    <property name="env.XDG_SESSION_CLASS" value="user" />
    <property name="env.XDG_VTNR" value="1" />
    <property name="env.DISPLAY" value=":0" />
    <property name="user.name" value="aetherus" />
    <property name="env.KDED_STARTED_BY_KDEINIT" value="1" />
    <property name="env.USER" value="aetherus" />
    <property name="env.KONSOLE_DBUS_WINDOW" value="/Windows/1" />
    <property name="env.SHELL" value="/usr/bin/fish" />
    <property name="env.DESKTOP_SESSION" value="/usr/share/xsessions/plasma" />
    <property name="env.LC_ADDRESS" value="en_US.UTF-8" />
    <property name="env.ORIGINAL_XDG_CURRENT_DESKTOP" value="KDE" />
    <property name="env.XDG_CURRENT_DESKTOP" value="KDE" />
    <property name="env.PATH" value="/usr/local/sbin:/usr/local/bin:/usr/bin:/usr/bin/site_perl:/usr/bin/vendor_perl:/usr/bin/core_perl" />
    <property name="user.language" value="en" />
    <property name="env.LC_MONETARY" value="en_US.UTF-8" />
    <property name="env.XDG_SESSION_DESKTOP" value="KDE" />
    <property name="sun.boot.library.path" value="/usr/lib/jvm/jdk-15.0.1/lib" />
    <property name="env.VSCODE_GIT_ASKPASS_MAIN" value="/opt/visual-studio-code/resources/app/extensions/git/dist/askpass-main.js" />
    <property name="ant.project.default-target" value="build" />
    <property name="ant.project.name" value="JavaCS" />
    <property name="env.KDE_SESSION_UID" value="1000" />
    <property name="java.vm.compressedOopsMode" value="32-bit" />
    <property name="java.version" value="15.0.1" />
    <property name="env.KDE_FULL_SESSION" value="true" />
    <property name="env.DBUS_SESSION_BUS_ADDRESS" value="unix:path=/run/user/1000/bus" />
    <property name="sun.arch.data.model" value="64" />
    <property name="env.LC_PAPER" value="en_US.UTF-8" />
    <property name="sun.jnu.encoding" value="UTF-8" />
    <property name="env.SHLVL" value="5" />
    <property name="file.separator" value="/" />
    <property name="java.specification.name" value="Java Platform API Specification" />
    <property name="env.XCURSOR_THEME" value="Sweet-cursors" />
    <property name="java.class.version" value="59.0" />
    <property name="env.CHROME_DESKTOP" value="code-url-handler.desktop" />
    <property name="user.country" value="US" />
    <property name="env.KDE_SESSION_VERSION" value="5" />
    <property name="ant.file.JavaCS" value="/home/aetherus/programing/CS-2420-Snow/ThinkDataStructures/code/build.xml" />
    <property name="java.home" value="/usr/lib/jvm/jdk-15.0.1" />
    <property name="env.PAM_KWALLET5_LOGIN" value="/run/user/1000/kwallet5.socket" />
    <property name="java.vm.info" value="mixed mode, sharing" />
    <property name="os.version" value="5.9.1-1-rt19-MANJARO" />
    <property name="ant.file" value="/home/aetherus/programing/CS-2420-Snow/ThinkDataStructures/code/build.xml" />
    <property name="env.LOGNAME" value="aetherus" />
    <property name="env.TERM_PROGRAM_VERSION" value="1.52.1" />
    <property name="path.separator" value=":" />
    <property name="java.vm.version" value="15.0.1+9-18" />
    <property name="env.VSCODE_GIT_IPC_HANDLE" value="/run/user/1000/vscode-git-47641a3d55.sock" />
    <property name="ant.library.dir" value="/usr/share/ant/lib" />
    <property name="env.XDG_SESSION_PATH" value="/org/freedesktop/DisplayManager/Session1" />
    <property name="junit.output.dir" value="junit" />
    <property name="env.XDG_SESSION_TYPE" value="x11" />
    <property name="env.TERM" value="xterm-256color" />
    <property name="env.APPLICATION_INSIGHTS_NO_DIAGNOSTIC_CHANNEL" value="true" />
    <property name="sun.io.unicode.encoding" value="UnicodeLittle" />
    <property name="env.KDE_APPLICATIONS_AS_SCOPE" value="1" />
    <property name="env.LC_MEASUREMENT" value="en_US.UTF-8" />
    <property name="target" value="1.7" />
    <property name="user.home" value="/home/aetherus" />
    <property name="java.version.date" value="2020-10-20" />
    <property name="java.specification.vendor" value="Oracle Corporation" />
    <property name="env.TERM_PROGRAM" value="vscode" />
    <property name="env.WINDOWID" value="73400327" />
    <property name="java.library.path" value="/usr/java/packages/lib:/usr/lib64:/lib64:/lib:/usr/lib" />
    <property name="java.vendor.url" value="https://java.oracle.com/" />
    <property name="env.LC_MESSAGES" value="en_US.UTF-8" />
    <property name="java.vm.vendor" value="Oracle Corporation" />
    <property name="env.XDG_SEAT" value="seat0" />
    <property name="java.runtime.name" value="OpenJDK Runtime Environment" />
    <property name="sun.java.command" value="org.apache.tools.ant.taskdefs.optional.junit.JUnitTestRunner com.allendowney.thinkdast.MyArrayListTest skipNonTests=false filtertrace=true haltOnError=false haltOnFailure=false formatter=org.apache.tools.ant.taskdefs.optional.junit.OutErrSummaryJUnitResultFormatter showoutput=false outputtoformatters=true logfailedtests=true threadid=0 logtestlistenerevents=false formatter=org.apache.tools.ant.taskdefs.optional.junit.XMLJUnitResultFormatter,/home/aetherus/programing/CS-2420-Snow/ThinkDataStructures/code/junit/TEST-com.allendowney.thinkdast.MyArrayListTest.xml crashfile=/home/aetherus/programing/CS-2420-Snow/ThinkDataStructures/code/junitvmwatcher13845471412092902624.properties propsfile=/home/aetherus/programing/CS-2420-Snow/ThinkDataStructures/code/junit3490007864692902898.properties" />
    <property name="java.class.path" value="/home/aetherus/programing/CS-2420-Snow/ThinkDataStructures/code/bin:/home/aetherus/programing/CS-2420-Snow/ThinkDataStructures/code/lib/jedis-2.8.0.jar:/home/aetherus/programing/CS-2420-Snow/ThinkDataStructures/code/lib/jsoup-1.8.3.jar:/home/aetherus/programing/CS-2420-Snow/ThinkDataStructures/code/lib/junit-4.12.jar:/home/aetherus/programing/CS-2420-Snow/ThinkDataStructures/code/lib/hamcrest-core-1.3.jar:/home/aetherus/programing/CS-2420-Snow/ThinkDataStructures/code/lib/jcommon-1.0.23.jar:/home/aetherus/programing/CS-2420-Snow/ThinkDataStructures/code/lib/jfreechart-1.0.19.jar:/home/aetherus/programing/CS-2420-Snow/ThinkDataStructures/code/lib/servlet.jar:/home/aetherus/programing/CS-2420-Snow/ThinkDataStructures/code/lib/ant-junit.jar:/home/aetherus/programing/CS-2420-Snow/ThinkDataStructures/code/lib/commons-math3-3.6.jar:/home/aetherus/programing/CS-2420-Snow/ThinkDataStructures/code/lib/hamcrest-library-1.3.jar:/usr/share/java/junit-4.12.jar:/usr/share/java/ant/ant-launcher.jar:/usr/share/ant/lib/ant.jar:/usr/share/ant/lib/ant-junit.jar:/usr/share/ant/lib/ant-junit4.jar" />
    <property name="ant.version" value="Apache Ant(TM) version 1.10.9 compiled on December 22 1969" />
    <property name="env.XDG_SESSION_ID" value="2" />
    <property name="env.KONSOLE_DBUS_SESSION" value="/Sessions/1" />
    <property name="jdk.debug" value="release" />
    <property name="env.GIT_ASKPASS" value="/opt/visual-studio-code/resources/app/extensions/git/dist/askpass.sh" />
    <property name="ant.file.type.JavaCS" value="file" />
    <property name="env.VSCODE_GIT_ASKPASS_NODE" value="/opt/visual-studio-code/code" />
    <property name="java.vm.specification.name" value="Java Virtual Machine Specification" />
    <property name="ant.file.type" value="file" />
    <property name="java.vm.specification.version" value="15" />
    <property name="sun.cpu.endian" value="little" />
    <property name="env.GTK_RC_FILES" value="/etc/gtk/gtkrc:/home/aetherus/.gtkrc:/home/aetherus/.config/gtkrc" />
    <property name="debuglevel" value="source,lines,vars" />
    <property name="env.HOME" value="/home/aetherus" />
    <property name="env.XDG_SEAT_PATH" value="/org/freedesktop/DisplayManager/Seat0" />
    <property name="java.io.tmpdir" value="/tmp" />
    <property name="env.KONSOLE_VERSION" value="201201" />
    <property name="java.vendor.url.bug" value="https://bugreport.java.com/bugreport/" />
    <property name="os.arch" value="amd64" />
    <property name="env.XDG_RUNTIME_DIR" value="/run/user/1000" />
    <property name="user.dir" value="/home/aetherus/programing/CS-2420-Snow/ThinkDataStructures/code" />
    <property name="env.XAUTHORITY" value="/home/aetherus/.Xauthority" />
    <property name="env.GTK_MODULES" value="canberra-gtk-module" />
    <property name="line.separator" value="&#xa;" />
    <property name="java.vm.name" value="OpenJDK 64-Bit Server VM" />
    <property name="env.GTK2_RC_FILES" value="/etc/gtk-2.0/gtkrc:/home/aetherus/.gtkrc-2.0:/home/aetherus/.config/gtkrc-2.0" />
    <property name="env.COLORTERM" value="truecolor" />
    <property name="env.XCURSOR_SIZE" value="24" />
    <property name="basedir" value="/home/aetherus/programing/CS-2420-Snow/ThinkDataStructures/code" />
    <property name="ant.java.version" value="15" />
    <property name="ant.core.lib" value="/usr/share/ant/lib/ant.jar" />
    <property name="env.QT_AUTO_SCREEN_SCALE_FACTOR" value="0" />
    <property name="env.LC_TIME" value="en_US.UTF-8" />
    <property name="source" value="1.7" />
    <property name="env.MOTD_SHOWN" value="pam" />
    <property name="env.MAIL" value="/var/spool/mail/aetherus" />
    <property name="file.encoding" value="UTF-8" />
    <property name="env.SHELL_SESSION_ID" value="0a39c73b292b4697ba387c94c6c6a1af" />
    <property name="env.KONSOLE_DBUS_SERVICE" value=":1.112" />
    <property name="java.specification.version" value="15" />
    <property name="ant.project.invoked-targets" value="MyArrayListTest" />
  </properties>
  <testcase classname="com.allendowney.thinkdast.MyArrayListTest" name="testToArray" time="0.004" />
  <testcase classname="com.allendowney.thinkdast.MyArrayListTest" name="testAddIntT" time="0.006">
    <failure type="junit.framework.AssertionFailedError">junit.framework.AssertionFailedError
	at com.allendowney.thinkdast.MyArrayListTest.testAddIntT(MyArrayListTest.java:71)
	at java.base/jdk.internal.reflect.NativeMethodAccessorImpl.invoke0(Native Method)
	at java.base/jdk.internal.reflect.NativeMethodAccessorImpl.invoke(NativeMethodAccessorImpl.java:64)
	at java.base/jdk.internal.reflect.DelegatingMethodAccessorImpl.invoke(DelegatingMethodAccessorImpl.java:43)
</failure>
  </testcase>
  <testcase classname="com.allendowney.thinkdast.MyArrayListTest" name="testGet" time="0.0" />
  <testcase classname="com.allendowney.thinkdast.MyArrayListTest" name="testSet" time="0.002">
    <failure message="&#xa;Expected: is &lt;2&gt;&#xa;     but: was null" type="junit.framework.AssertionFailedError">junit.framework.AssertionFailedError: 
Expected: is &lt;2&gt;
     but: was null
	at org.hamcrest.MatcherAssert.assertThat(MatcherAssert.java:20)
	at com.allendowney.thinkdast.MyArrayListTest.testSet(MyArrayListTest.java:244)
	at java.base/jdk.internal.reflect.NativeMethodAccessorImpl.invoke0(Native Method)
	at java.base/jdk.internal.reflect.NativeMethodAccessorImpl.invoke(NativeMethodAccessorImpl.java:64)
	at java.base/jdk.internal.reflect.DelegatingMethodAccessorImpl.invoke(DelegatingMethodAccessorImpl.java:43)
</failure>
  </testcase>
  <testcase classname="com.allendowney.thinkdast.MyArrayListTest" name="testAddAllCollectionOfQextendsT" time="0.0" />
  <testcase classname="com.allendowney.thinkdast.MyArrayListTest" name="testClear" time="0.0" />
  <testcase classname="com.allendowney.thinkdast.MyArrayListTest" name="testAddT" time="0.0" />
  <testcase classname="com.allendowney.thinkdast.MyArrayListTest" name="testSize" time="0.0" />
  <testcase classname="com.allendowney.thinkdast.MyArrayListTest" name="testLastIndexOf" time="0.0" />
  <testcase classname="com.allendowney.thinkdast.MyArrayListTest" name="testContainsAll" time="0.001">
    <failure message="&#xa;Expected: &lt;true&gt;&#xa;     but: was &lt;false&gt;" type="junit.framework.AssertionFailedError">junit.framework.AssertionFailedError: 
Expected: &lt;true&gt;
     but: was &lt;false&gt;
	at org.hamcrest.MatcherAssert.assertThat(MatcherAssert.java:20)
	at com.allendowney.thinkdast.MyArrayListTest.testContainsAll(MyArrayListTest.java:126)
	at java.base/jdk.internal.reflect.NativeMethodAccessorImpl.invoke0(Native Method)
	at java.base/jdk.internal.reflect.NativeMethodAccessorImpl.invoke(NativeMethodAccessorImpl.java:64)
	at java.base/jdk.internal.reflect.DelegatingMethodAccessorImpl.invoke(DelegatingMethodAccessorImpl.java:43)
</failure>
  </testcase>
  <testcase classname="com.allendowney.thinkdast.MyArrayListTest" name="testRemoveObject" time="0.001">
    <failure message="&#xa;Expected: &lt;true&gt;&#xa;     but: was &lt;false&gt;" type="junit.framework.AssertionFailedError">junit.framework.AssertionFailedError: 
Expected: &lt;true&gt;
     but: was &lt;false&gt;
	at org.hamcrest.MatcherAssert.assertThat(MatcherAssert.java:20)
	at com.allendowney.thinkdast.MyArrayListTest.testRemoveObject(MyArrayListTest.java:195)
	at java.base/jdk.internal.reflect.NativeMethodAccessorImpl.invoke0(Native Method)
	at java.base/jdk.internal.reflect.NativeMethodAccessorImpl.invoke(NativeMethodAccessorImpl.java:64)
	at java.base/jdk.internal.reflect.DelegatingMethodAccessorImpl.invoke(DelegatingMethodAccessorImpl.java:43)
</failure>
  </testcase>
  <testcase classname="com.allendowney.thinkdast.MyArrayListTest" name="testContains" time="0.001">
    <failure message="&#xa;Expected: &lt;true&gt;&#xa;     but: was &lt;false&gt;" type="junit.framework.AssertionFailedError">junit.framework.AssertionFailedError: 
Expected: &lt;true&gt;
     but: was &lt;false&gt;
	at org.hamcrest.MatcherAssert.assertThat(MatcherAssert.java:20)
	at com.allendowney.thinkdast.MyArrayListTest.testContains(MyArrayListTest.java:114)
	at java.base/jdk.internal.reflect.NativeMethodAccessorImpl.invoke0(Native Method)
	at java.base/jdk.internal.reflect.NativeMethodAccessorImpl.invoke(NativeMethodAccessorImpl.java:64)
	at java.base/jdk.internal.reflect.DelegatingMethodAccessorImpl.invoke(DelegatingMethodAccessorImpl.java:43)
</failure>
  </testcase>
  <testcase classname="com.allendowney.thinkdast.MyArrayListTest" name="testIndexOfNull" time="0.001">
    <failure message="&#xa;Expected: is &lt;3&gt;&#xa;     but: was &lt;-1&gt;" type="junit.framework.AssertionFailedError">junit.framework.AssertionFailedError: 
Expected: is &lt;3&gt;
     but: was &lt;-1&gt;
	at org.hamcrest.MatcherAssert.assertThat(MatcherAssert.java:20)
	at com.allendowney.thinkdast.MyArrayListTest.testIndexOfNull(MyArrayListTest.java:155)
	at java.base/jdk.internal.reflect.NativeMethodAccessorImpl.invoke0(Native Method)
	at java.base/jdk.internal.reflect.NativeMethodAccessorImpl.invoke(NativeMethodAccessorImpl.java:64)
	at java.base/jdk.internal.reflect.DelegatingMethodAccessorImpl.invoke(DelegatingMethodAccessorImpl.java:43)
</failure>
  </testcase>
  <testcase classname="com.allendowney.thinkdast.MyArrayListTest" name="testIndexOf" time="0.002">
    <failure message="&#xa;Expected: is &lt;0&gt;&#xa;     but: was &lt;-1&gt;" type="junit.framework.AssertionFailedError">junit.framework.AssertionFailedError: 
Expected: is &lt;0&gt;
     but: was &lt;-1&gt;
	at org.hamcrest.MatcherAssert.assertThat(MatcherAssert.java:20)
	at com.allendowney.thinkdast.MyArrayListTest.testIndexOf(MyArrayListTest.java:142)
	at java.base/jdk.internal.reflect.NativeMethodAccessorImpl.invoke0(Native Method)
	at java.base/jdk.internal.reflect.NativeMethodAccessorImpl.invoke(NativeMethodAccessorImpl.java:64)
	at java.base/jdk.internal.reflect.DelegatingMethodAccessorImpl.invoke(DelegatingMethodAccessorImpl.java:43)
</failure>
  </testcase>
  <testcase classname="com.allendowney.thinkdast.MyArrayListTest" name="testMyList" time="0.0" />
  <testcase classname="com.allendowney.thinkdast.MyArrayListTest" name="testIsEmpty" time="0.002" />
  <testcase classname="com.allendowney.thinkdast.MyArrayListTest" name="testIterator" time="0.0" />
  <testcase classname="com.allendowney.thinkdast.MyArrayListTest" name="testRemoveAll" time="0.001">
    <failure message="&#xa;Expected: is &lt;0&gt;&#xa;     but: was &lt;3&gt;" type="junit.framework.AssertionFailedError">junit.framework.AssertionFailedError: 
Expected: is &lt;0&gt;
     but: was &lt;3&gt;
	at org.hamcrest.MatcherAssert.assertThat(MatcherAssert.java:20)
	at com.allendowney.thinkdast.MyArrayListTest.testRemoveAll(MyArrayListTest.java:235)
	at java.base/jdk.internal.reflect.NativeMethodAccessorImpl.invoke0(Native Method)
	at java.base/jdk.internal.reflect.NativeMethodAccessorImpl.invoke(NativeMethodAccessorImpl.java:64)
	at java.base/jdk.internal.reflect.DelegatingMethodAccessorImpl.invoke(DelegatingMethodAccessorImpl.java:43)
</failure>
  </testcase>
  <testcase classname="com.allendowney.thinkdast.MyArrayListTest" name="testRemoveInt" time="0.001">
    <failure message="&#xa;Expected: is &lt;2&gt;&#xa;     but: was null" type="junit.framework.AssertionFailedError">junit.framework.AssertionFailedError: 
Expected: is &lt;2&gt;
     but: was null
	at org.hamcrest.MatcherAssert.assertThat(MatcherAssert.java:20)
	at com.allendowney.thinkdast.MyArrayListTest.testRemoveInt(MyArrayListTest.java:224)
	at java.base/jdk.internal.reflect.NativeMethodAccessorImpl.invoke0(Native Method)
	at java.base/jdk.internal.reflect.NativeMethodAccessorImpl.invoke(NativeMethodAccessorImpl.java:64)
	at java.base/jdk.internal.reflect.DelegatingMethodAccessorImpl.invoke(DelegatingMethodAccessorImpl.java:43)
</failure>
  </testcase>
  <testcase classname="com.allendowney.thinkdast.MyArrayListTest" name="testSubList" time="0.0" />
  <system-out><![CDATA[]]></system-out>
  <system-err><![CDATA[]]></system-err>
</testsuite>
